#
# A fatal error has been detected by the Java Runtime Environment:
#
#  EXCEPTION_ACCESS_VIOLATION (0xc0000005) at pc=0x00007ffefb046958, pid=15476, tid=8772
#
# JRE version: OpenJDK Runtime Environment (16.0.2+7) (build 16.0.2+7)
# Java VM: OpenJDK 64-Bit Server VM (16.0.2+7, mixed mode, sharing, tiered, compressed oops, compressed class ptrs, g1 gc, windows-amd64)
# Problematic frame:
# C  [skiko-windows-x64.dll+0x56958]
#
# No core dump will be written. Minidumps are not enabled by default on client versions of Windows
#
# If you would like to submit a bug report, please visit:
#   https://bell-sw.com/support
# The crash happened outside the Java Virtual Machine in native code.
# See problematic frame for where to report the bug.
#

---------------  S U M M A R Y ------------

Command Line: -agentlib:jdwp=transport=dt_socket,address=127.0.0.1:56762,suspend=y,server=n -javaagent:C:/JAVA/gradle-8.5/caches/modules-2/files-2.1/org.jetbrains.kotlinx/kotlinx-coroutines-core-jvm/1.5.2/f4cc07a50437659e0043e7da762809a46932b6a0/kotlinx-coroutines-core-jvm-1.5.2.jar -javaagent:C:\Users\User\AppData\Local\JetBrains\IntelliJIdea2021.3\captureAgent\debugger-agent.jar -Dfile.encoding=UTF-8 MainKt

Host: Intel(R) Core(TM) i7-9700K CPU @ 3.60GHz, 8 cores, 31G,  Windows 10 , 64 bit Build 19041 (10.0.19041.3636)
Time: Tue Feb 20 15:14:52 2024 Russia TZ 2 Standard Time elapsed time: 756.496613 seconds (0d 0h 12m 36s)

---------------  T H R E A D  ---------------

Current thread (0x0000027e45d83400):  JavaThread "AWT-EventQueue-0" [_thread_in_native, id=8772, stack(0x000000e7b5200000,0x000000e7b5300000)]

Stack: [0x000000e7b5200000,0x000000e7b5300000],  sp=0x000000e7b52fd0b0,  free space=1012k
Native frames: (J=compiled Java code, j=interpreted, Vv=VM code, C=native code)
C  [skiko-windows-x64.dll+0x56958]

Java frames: (J=compiled Java code, j=interpreted, Vv=VM code)
j  org.jetbrains.skiko.redrawer.Direct3DRedrawer.makeDirectXSurface(JJIII)J+0
j  org.jetbrains.skiko.redrawer.Direct3DRedrawer.makeSurface(JIII)Lorg/jetbrains/skia/Surface;+15
j  org.jetbrains.skiko.context.Direct3DContextHandler.initCanvas()V+156
j  org.jetbrains.skiko.context.ContextHandler.draw()V+21
j  org.jetbrains.skiko.redrawer.Direct3DRedrawer.drawAndSwap(Z)V+21
j  org.jetbrains.skiko.redrawer.Direct3DRedrawer.redrawImmediately()V+116
j  org.jetbrains.skiko.SkiaLayer.paint(Ljava/awt/Graphics;)V+85
j  androidx.compose.ui.awt.ComposeLayer$ComponentImpl.paint(Ljava/awt/Graphics;)V+12
j  javax.swing.JComponent.paintChildren(Ljava/awt/Graphics;)V+523 java.desktop@16.0.2
j  javax.swing.JComponent.paint(Ljava/awt/Graphics;)V+318 java.desktop@16.0.2
j  javax.swing.JLayeredPane.paint(Ljava/awt/Graphics;)V+73 java.desktop@16.0.2
j  javax.swing.JComponent.paintChildren(Ljava/awt/Graphics;)V+523 java.desktop@16.0.2
j  javax.swing.JComponent.paint(Ljava/awt/Graphics;)V+318 java.desktop@16.0.2
j  androidx.compose.ui.window.Window_desktopKt$Window$11$1.invoke(Landroidx/compose/ui/awt/ComposeWindow;)V+70
j  androidx.compose.ui.window.Window_desktopKt$Window$11$1.invoke(Ljava/lang/Object;)Ljava/lang/Object;+5
j  androidx.compose.ui.window.AwtWindow_desktopKt$AwtWindow$3.invoke()V+13
j  androidx.compose.ui.window.AwtWindow_desktopKt$AwtWindow$3.invoke()Ljava/lang/Object;+1
j  androidx.compose.ui.util.UpdateEffect_desktopKt$UpdateEffect$2$performUpdate$2.invoke()V+7
j  androidx.compose.ui.util.UpdateEffect_desktopKt$UpdateEffect$2$performUpdate$2.invoke()Ljava/lang/Object;+1
j  androidx.compose.runtime.snapshots.Snapshot$Companion.observe(Lkotlin/jvm/functions/Function1;Lkotlin/jvm/functions/Function1;Lkotlin/jvm/functions/Function0;)Ljava/lang/Object;+106
j  androidx.compose.runtime.snapshots.SnapshotStateObserver.observeReads(Ljava/lang/Object;Lkotlin/jvm/functions/Function1;Lkotlin/jvm/functions/Function0;)V+480
j  androidx.compose.ui.util.UpdateEffect_desktopKt$UpdateEffect$2.invoke$performUpdate(Landroidx/compose/runtime/snapshots/SnapshotStateObserver;Lkotlinx/coroutines/channels/Channel;Landroidx/compose/runtime/State;)V+28
j  androidx.compose.ui.util.UpdateEffect_desktopKt$UpdateEffect$2.invoke(Landroidx/compose/runtime/DisposableEffectScope;)Landroidx/compose/runtime/DisposableEffectResult;+33
j  androidx.compose.ui.util.UpdateEffect_desktopKt$UpdateEffect$2.invoke(Ljava/lang/Object;)Ljava/lang/Object;+5
j  androidx.compose.runtime.DisposableEffectImpl.onRemembered()V+8
j  androidx.compose.runtime.CompositionImpl$RememberEventDispatcher.dispatchRememberObservers()V+170
j  androidx.compose.runtime.CompositionImpl.applyChanges()V+194
j  androidx.compose.runtime.Recomposer.composeInitial$runtime(Landroidx/compose/runtime/ControlledComposition;Lkotlin/jvm/functions/Function2;)V+234
j  androidx.compose.runtime.CompositionImpl.setContent(Lkotlin/jvm/functions/Function2;)V+55
j  androidx.compose.ui.window.Application_desktopKt$awaitApplication$2$1$2.invokeSuspend(Ljava/lang/Object;)Ljava/lang/Object;+89
j  kotlin.coroutines.jvm.internal.BaseContinuationImpl.resumeWith(Ljava/lang/Object;)V+44
j  kotlinx.coroutines.DispatchedTask.run()V+350
j  java.awt.event.InvocationEvent.dispatch$$$capture()V+47 java.desktop@16.0.2
j  java.awt.event.InvocationEvent.dispatch()V+5 java.desktop@16.0.2
j  java.awt.EventQueue.dispatchEventImpl(Ljava/awt/AWTEvent;Ljava/lang/Object;)V+21 java.desktop@16.0.2
j  java.awt.EventQueue$4.run()Ljava/lang/Void;+32 java.desktop@16.0.2
j  java.awt.EventQueue$4.run()Ljava/lang/Object;+1 java.desktop@16.0.2
j  java.security.AccessController.executePrivileged(Ljava/security/PrivilegedAction;Ljava/security/AccessControlContext;Ljava/lang/Class;)Ljava/lang/Object;+29 java.base@16.0.2
j  java.security.AccessController.doPrivileged(Ljava/security/PrivilegedAction;Ljava/security/AccessControlContext;)Ljava/lang/Object;+13 java.base@16.0.2
j  java.security.ProtectionDomain$JavaSecurityAccessImpl.doIntersectionPrivilege(Ljava/security/PrivilegedAction;Ljava/security/AccessControlContext;Ljava/security/AccessControlContext;)Ljava/lang/Object;+18 java.base@16.0.2
j  java.awt.EventQueue.dispatchEvent(Ljava/awt/AWTEvent;)V+46 java.desktop@16.0.2
j  java.awt.EventDispatchThread.pumpOneEventForFilters(I)V+78 java.desktop@16.0.2
j  java.awt.EventDispatchThread.pumpEventsForFilter(ILjava/awt/Conditional;Ljava/awt/EventFilter;)V+35 java.desktop@16.0.2
j  java.awt.EventDispatchThread.pumpEventsForHierarchy(ILjava/awt/Conditional;Ljava/awt/Component;)V+11 java.desktop@16.0.2
j  java.awt.EventDispatchThread.pumpEvents(ILjava/awt/Conditional;)V+4 java.desktop@16.0.2
j  java.awt.EventDispatchThread.pumpEvents(Ljava/awt/Conditional;)V+3 java.desktop@16.0.2
j  java.awt.EventDispatchThread.run()V+9 java.desktop@16.0.2
v  ~StubRoutines::call_stub

siginfo: EXCEPTION_ACCESS_VIOLATION (0xc0000005), reading address 0x0000000000000000


Register to memory mapping:

RIP=0x00007ffefb046958 skiko-windows-x64.dll
RAX=0x0000e06436513638 is an unknown value
RBX={method} {0x0000027e4963ba58} 'makeDirectXSurface' '(JJIII)J' in 'org/jetbrains/skiko/redrawer/Direct3DRedrawer'
RCX=0x0 is NULL
RDX=0x0 is NULL
RSP=0x000000e7b52fd0b0 is pointing into the stack for thread: 0x0000027e45d83400
RBP=0x000000e7b52fd1b0 is pointing into the stack for thread: 0x0000027e45d83400
RSI=0x0000027e454af680 points into unknown readable memory: 0x00007ffefbcb90d8 | d8 90 cb fb fe 7f 00 00
RDI=0x0000027e464455c0 points into unknown readable memory: 0x0000000000040bc0 | c0 0b 04 00 00 00 00 00
R8 =0x00007ffefbc4ecc8 skiko-windows-x64.dll
R9 =0x0000027e46445608 points into unknown readable memory: 0x0000000000000000 | 00 00 00 00 00 00 00 00
R10=0x0000027e1fcc1da3 is at code_begin+1955 in an Interpreter codelet
method entry point (kind = native)  [0x0000027e1fcc1600, 0x0000027e1fcc2780]  4480 bytes
R11=0x0000000000000112 is an unknown value
R12=0x0 is NULL
R13={method} {0x0000027e4963ba58} 'makeDirectXSurface' '(JJIII)J' in 'org/jetbrains/skiko/redrawer/Direct3DRedrawer'
R14=0x0 is NULL
R15=0x0000027e45d83400 is a thread


Registers:
RAX=0x0000e06436513638, RBX=0x0000027e4963ba50, RCX=0x0000000000000000, RDX=0x0000000000000000
RSP=0x000000e7b52fd0b0, RBP=0x000000e7b52fd1b0, RSI=0x0000027e454af680, RDI=0x0000027e464455c0
R8 =0x00007ffefbc4ecc8, R9 =0x0000027e46445608, R10=0x0000027e1fcc1da3, R11=0x0000000000000112
R12=0x0000000000000000, R13=0x0000027e4963ba50, R14=0x0000000000000000, R15=0x0000027e45d83400
RIP=0x00007ffefb046958, EFLAGS=0x0000000000010246

Top of Stack: (sp=0x000000e7b52fd0b0)
0x000000e7b52fd0b0:   0000000000000000 0000000000000000
0x000000e7b52fd0c0:   0000000000000000 0000000000000000
0x000000e7b52fd0d0:   00007ffefaff8d00 0000000000000000
0x000000e7b52fd0e0:   0000000000000000 0000000000000000
0x000000e7b52fd0f0:   0000027e45d83400 00007ffefc30fba4
0x000000e7b52fd100:   0000000000000000 0000000000000000
0x000000e7b52fd110:   0000001c00000000 0000000100000001
0x000000e7b52fd120:   0000020000000000 0000027e45d83400
0x000000e7b52fd130:   0000000100000008 0000027e00000006
0x000000e7b52fd140:   0000027e4497caf0 0000004000000003
0x000000e7b52fd150:   00006db830a4f0d5 000000e7b52fd318
0x000000e7b52fd160:   0000027e4963ba50 0000000000000000
0x000000e7b52fd170:   0000000000038114 0000027e44c0a950
0x000000e7b52fd180:   0000027e45d83400 0000027e45d83400
0x000000e7b52fd190:   000000e7b52fd2c0 00007ffefc30f2a7
0x000000e7b52fd1a0:   000000e7b52fd1c0 0000027e45d7eb50 

Instructions: (pc=0x00007ffefb046958)
0x00007ffefb046858:   4c 24 30 48 85 c9 74 06 48 8b 01 ff 50 10 48 8b
0x00007ffefb046868:   4c 24 28 48 85 c9 74 06 48 8b 11 ff 52 10 48 8b
0x00007ffefb046878:   4c 24 20 48 85 c9 74 06 48 8b 11 ff 52 10 48 8b
0x00007ffefb046888:   5c 24 60 48 8b c7 48 83 c4 50 5f c3 cc cc cc cc
0x00007ffefb046898:   cc cc cc cc cc cc cc cc cc cc cc cc cc cc cc cc
0x00007ffefb0468a8:   cc cc cc cc cc cc cc cc cc cc cc cc cc cc cc cc
0x00007ffefb0468b8:   cc cc cc cc cc cc cc cc cc cc cc cc cc cc cc cc
0x00007ffefb0468c8:   cc cc cc cc cc cc cc cc cc cc cc cc cc cc cc cc
0x00007ffefb0468d8:   cc cc cc cc cc cc cc cc 48 89 5c 24 08 48 89 74
0x00007ffefb0468e8:   24 10 55 57 41 56 48 8d 6c 24 c0 48 81 ec 40 01
0x00007ffefb0468f8:   00 00 48 8b 05 c7 ed e8 00 48 33 c4 48 89 45 38
0x00007ffefb046908:   49 8b 48 38 49 8b f1 48 63 95 90 00 00 00 4d 8d
0x00007ffefb046918:   48 48 0f 57 c0 c7 44 24 64 1c 00 00 00 45 33 f6
0x00007ffefb046928:   c7 44 24 68 01 00 00 00 f3 0f 7f 44 24 50 44 89
0x00007ffefb046938:   74 24 60 49 8d 3c d0 48 c7 44 24 6c 01 00 00 00
0x00007ffefb046948:   4d 8d 0c d1 44 88 74 24 74 4c 8d 05 70 83 c0 00
0x00007ffefb046958:   48 8b 01 ff 50 48 48 8d 44 24 50 48 83 c7 48 48
0x00007ffefb046968:   3b c7 74 26 48 8b 1f 48 85 db 74 09 48 8b 03 48
0x00007ffefb046978:   8b cb ff 50 08 48 8b 4c 24 50 48 89 5c 24 50 48
0x00007ffefb046988:   85 c9 74 06 48 8b 01 ff 50 10 33 d2 48 8d 4c 24
0x00007ffefb046998:   78 44 8d 42 01 e8 38 76 fb ff 48 8b 3f 48 8d 55
0x00007ffefb0469a8:   c8 48 8b cf 48 8b 07 ff 50 50 4c 8b 07 48 8d 55
0x00007ffefb0469b8:   00 48 8b cf 48 8b d8 41 ff 50 50 44 8b 43 18 4c
0x00007ffefb0469c8:   8d 4c 24 50 48 8d 4d 90 8b 50 10 e8 87 c7 fc ff
0x00007ffefb0469d8:   48 8d 4d 88 e8 78 14 fc ff 4c 89 74 24 48 48 8d
0x00007ffefb0469e8:   4c 24 78 4c 89 74 24 40 4c 8d 45 90 48 89 4c 24
0x00007ffefb0469f8:   38 45 33 c9 48 89 44 24 30 48 8d 4d 80 c7 44 24
0x00007ffefb046a08:   28 04 00 00 00 48 8b d6 44 89 74 24 20 e8 46 22
0x00007ffefb046a18:   fb ff bb ff ff ff ff 48 8b 38 4c 89 30 48 8b 4d
0x00007ffefb046a28:   80 48 85 c9 74 12 8b c3 f0 0f c1 41 08 83 f8 01
0x00007ffefb046a38:   75 06 48 8b 01 ff 50 08 48 8d 4d 90 e8 67 da fc
0x00007ffefb046a48:   ff 48 8b 4c 24 58 48 85 c9 74 10 f0 0f c1 59 08 


Stack slot to memory mapping:
stack at sp + 0 slots: 0x0 is NULL
stack at sp + 1 slots: 0x0 is NULL
stack at sp + 2 slots: 0x0 is NULL
stack at sp + 3 slots: 0x0 is NULL
stack at sp + 4 slots: 0x00007ffefaff8d00 skiko-windows-x64.dll
stack at sp + 5 slots: 0x0 is NULL
stack at sp + 6 slots: 0x0 is NULL
stack at sp + 7 slots: 0x0 is NULL


---------------  P R O C E S S  ---------------

Threads class SMR info:
_java_thread_list=0x0000027e4544f550, length=25, elements={
0x0000027e15f5d8b0, 0x0000027e4495b880, 0x0000027e4495c740, 0x0000027e4496b420,
0x0000027e4496bf30, 0x0000027e4496ea40, 0x0000027e4496f440, 0x0000027e44970220,
0x0000027e44972d20, 0x0000027e44978c70, 0x0000027e4493bc40, 0x0000027e455ec0b0,
0x0000027e4581c970, 0x0000027e4581d0b0, 0x0000027e45d6adc0, 0x0000027e45d9c570,
0x0000027e45d83400, 0x0000027e45fb2390, 0x0000027e45fb28b0, 0x0000027e45fb31a0,
0x0000027e46321230, 0x0000027e46321780, 0x0000027e46322cc0, 0x0000027e46323210,
0x0000027e467bc5c0
}

Java Threads: ( => current thread )
  0x0000027e15f5d8b0 JavaThread "main" [_thread_blocked, id=3144, stack(0x000000e7b3800000,0x000000e7b3900000)]
  0x0000027e4495b880 JavaThread "Reference Handler" daemon [_thread_blocked, id=7368, stack(0x000000e7b3f00000,0x000000e7b4000000)]
  0x0000027e4495c740 JavaThread "Finalizer" daemon [_thread_blocked, id=1208, stack(0x000000e7b4000000,0x000000e7b4100000)]
  0x0000027e4496b420 JavaThread "Signal Dispatcher" daemon [_thread_blocked, id=17600, stack(0x000000e7b4100000,0x000000e7b4200000)]
  0x0000027e4496bf30 JavaThread "Attach Listener" daemon [_thread_blocked, id=4672, stack(0x000000e7b4200000,0x000000e7b4300000)]
  0x0000027e4496ea40 JavaThread "Service Thread" daemon [_thread_blocked, id=13192, stack(0x000000e7b4300000,0x000000e7b4400000)]
  0x0000027e4496f440 JavaThread "Monitor Deflation Thread" daemon [_thread_blocked, id=8840, stack(0x000000e7b4400000,0x000000e7b4500000)]
  0x0000027e44970220 JavaThread "C2 CompilerThread0" daemon [_thread_blocked, id=18500, stack(0x000000e7b4500000,0x000000e7b4600000)]
  0x0000027e44972d20 JavaThread "C1 CompilerThread0" daemon [_thread_blocked, id=6128, stack(0x000000e7b4600000,0x000000e7b4700000)]
  0x0000027e44978c70 JavaThread "Sweeper thread" daemon [_thread_blocked, id=10292, stack(0x000000e7b4700000,0x000000e7b4800000)]
  0x0000027e4493bc40 JavaThread "Common-Cleaner" daemon [_thread_blocked, id=2736, stack(0x000000e7b4800000,0x000000e7b4900000)]
  0x0000027e455ec0b0 JavaThread "JDWP Event Helper Thread" daemon [_thread_blocked, id=10120, stack(0x000000e7b4b00000,0x000000e7b4c00000)]
  0x0000027e4581c970 JavaThread "Coroutines Debugger Cleaner" daemon [_thread_blocked, id=18740, stack(0x000000e7b4d00000,0x000000e7b4e00000)]
  0x0000027e4581d0b0 JavaThread "Notification Thread" daemon [_thread_blocked, id=6316, stack(0x000000e7b4e00000,0x000000e7b4f00000)]
  0x0000027e45d6adc0 JavaThread "Java2D Disposer" daemon [_thread_blocked, id=16724, stack(0x000000e7b4900000,0x000000e7b4a00000)]
  0x0000027e45d9c570 JavaThread "AWT-Shutdown" [_thread_blocked, id=11672, stack(0x000000e7b5000000,0x000000e7b5100000)]
=>0x0000027e45d83400 JavaThread "AWT-EventQueue-0" [_thread_in_native, id=8772, stack(0x000000e7b5200000,0x000000e7b5300000)]
  0x0000027e45fb2390 JavaThread "DefaultDispatcher-worker-1" daemon [_thread_blocked, id=7688, stack(0x000000e7b5a00000,0x000000e7b5b00000)]
  0x0000027e45fb28b0 JavaThread "DefaultDispatcher-worker-2" daemon [_thread_blocked, id=5956, stack(0x000000e7b5b00000,0x000000e7b5c00000)]
  0x0000027e45fb31a0 JavaThread "DefaultDispatcher-worker-3" daemon [_thread_blocked, id=10956, stack(0x000000e7b5c00000,0x000000e7b5d00000)]
  0x0000027e46321230 JavaThread "kotlinx.coroutines.DefaultExecutor" daemon [_thread_blocked, id=19056, stack(0x000000e7b5d00000,0x000000e7b5e00000)]
  0x0000027e46321780 JavaThread "Reference Cleaner" daemon [_thread_blocked, id=18684, stack(0x000000e7b5e00000,0x000000e7b5f00000)]
  0x0000027e46322cc0 JavaThread "SIGINT handler" daemon [_thread_blocked, id=12428, stack(0x000000e7b3500000,0x000000e7b3600000)]
  0x0000027e46323210 JavaThread "ToolkitShutdown" daemon [_thread_in_native, id=3896, stack(0x000000e7b3600000,0x000000e7b3700000)]
  0x0000027e467bc5c0 JavaThread "C2 CompilerThread1" daemon [_thread_blocked, id=11028, stack(0x000000e7b3700000,0x000000e7b3800000)]

Other Threads:
  0x0000027e44956490 VMThread "VM Thread" [stack: 0x000000e7b3e00000,0x000000e7b3f00000] [id=17632]
  0x0000027e45863700 WatcherThread [stack: 0x000000e7b4f00000,0x000000e7b5000000] [id=276]
  0x0000027e15fd38e0 GCTaskThread "GC Thread#0" [stack: 0x000000e7b3900000,0x000000e7b3a00000] [id=3204]
  0x0000027e45e4d7a0 GCTaskThread "GC Thread#1" [stack: 0x000000e7b5300000,0x000000e7b5400000] [id=18896]
  0x0000027e45e5b730 GCTaskThread "GC Thread#2" [stack: 0x000000e7b5400000,0x000000e7b5500000] [id=5496]
  0x0000027e45e5fe60 GCTaskThread "GC Thread#3" [stack: 0x000000e7b5500000,0x000000e7b5600000] [id=7416]
  0x0000027e45e60170 GCTaskThread "GC Thread#4" [stack: 0x000000e7b5600000,0x000000e7b5700000] [id=15692]
  0x0000027e45e616b0 GCTaskThread "GC Thread#5" [stack: 0x000000e7b5700000,0x000000e7b5800000] [id=17996]
  0x0000027e45e623f0 GCTaskThread "GC Thread#6" [stack: 0x000000e7b5800000,0x000000e7b5900000] [id=11544]
  0x0000027e45e53c80 GCTaskThread "GC Thread#7" [stack: 0x000000e7b5900000,0x000000e7b5a00000] [id=18640]
  0x0000027e13e3e900 ConcurrentGCThread "G1 Main Marker" [stack: 0x000000e7b3a00000,0x000000e7b3b00000] [id=5952]
  0x0000027e15fe02a0 ConcurrentGCThread "G1 Conc#0" [stack: 0x000000e7b3b00000,0x000000e7b3c00000] [id=19124]
  0x0000027e1602e640 ConcurrentGCThread "G1 Refine#0" [stack: 0x000000e7b3c00000,0x000000e7b3d00000] [id=18876]
  0x0000027e4480b680 ConcurrentGCThread "G1 Service" [stack: 0x000000e7b3d00000,0x000000e7b3e00000] [id=10696]

Threads with active compile tasks:

VM state: not at safepoint (normal execution)

VM Mutex/Monitor currently owned by a thread: None

Heap address: 0x0000000601c00000, size: 8164 MB, Compressed Oops mode: Zero based, Oop shift amount: 3

CDS archive(s) mapped at: [0x0000000800000000-0x0000000800bf0000-0x0000000800bf0000), size 12517376, SharedBaseAddress: 0x0000000800000000, ArchiveRelocationMode: 0.
Compressed class space mapped at: 0x0000000800c00000-0x0000000840c00000, reserved size: 1073741824
Narrow klass base: 0x0000000800000000, Narrow klass shift: 3, Narrow klass range: 0x100000000

GC Precious Log:
 CPUs: 8 total, 8 available
 Memory: 32640M
 Large Page Support: Disabled
 NUMA Support: Disabled
 Compressed Oops: Enabled (Zero based)
 Heap Region Size: 4M
 Heap Min Capacity: 8M
 Heap Initial Capacity: 512M
 Heap Max Capacity: 8164M
 Pre-touch: Disabled
 Parallel Workers: 8
 Concurrent Workers: 2
 Concurrent Refinement Workers: 8
 Periodic GC: Disabled

Heap:
 garbage-first heap   total 524288K, used 33387K [0x0000000601c00000, 0x0000000800000000)
  region size 4096K, 9 young (36864K), 1 survivors (4096K)
 Metaspace       used 17234K, committed 17408K, reserved 1064960K
  class space    used 1766K, committed 1856K, reserved 1048576K

Heap Regions: E=young(eden), S=young(survivor), O=old, HS=humongous(starts), HC=humongous(continues), CS=collection set, F=free, OA=open archive, CA=closed archive, TAMS=top-at-mark-start (previous, next)
|   0|0x0000000601c00000, 0x0000000601f58400, 0x0000000602000000| 83%| O|  |TAMS 0x0000000601c00000, 0x0000000601c00000| Untracked 
|   1|0x0000000602000000, 0x0000000602000000, 0x0000000602400000|  0%| F|  |TAMS 0x0000000602000000, 0x0000000602000000| Untracked 
|   2|0x0000000602400000, 0x0000000602400000, 0x0000000602800000|  0%| F|  |TAMS 0x0000000602400000, 0x0000000602400000| Untracked 
|   3|0x0000000602800000, 0x0000000602800000, 0x0000000602c00000|  0%| F|  |TAMS 0x0000000602800000, 0x0000000602800000| Untracked 
|   4|0x0000000602c00000, 0x0000000602c00000, 0x0000000603000000|  0%| F|  |TAMS 0x0000000602c00000, 0x0000000602c00000| Untracked 
|   5|0x0000000603000000, 0x0000000603000000, 0x0000000603400000|  0%| F|  |TAMS 0x0000000603000000, 0x0000000603000000| Untracked 
|   6|0x0000000603400000, 0x0000000603400000, 0x0000000603800000|  0%| F|  |TAMS 0x0000000603400000, 0x0000000603400000| Untracked 
|   7|0x0000000603800000, 0x0000000603800000, 0x0000000603c00000|  0%| F|  |TAMS 0x0000000603800000, 0x0000000603800000| Untracked 
|   8|0x0000000603c00000, 0x0000000603c00000, 0x0000000604000000|  0%| F|  |TAMS 0x0000000603c00000, 0x0000000603c00000| Untracked 
|   9|0x0000000604000000, 0x0000000604000000, 0x0000000604400000|  0%| F|  |TAMS 0x0000000604000000, 0x0000000604000000| Untracked 
|  10|0x0000000604400000, 0x0000000604400000, 0x0000000604800000|  0%| F|  |TAMS 0x0000000604400000, 0x0000000604400000| Untracked 
|  11|0x0000000604800000, 0x0000000604800000, 0x0000000604c00000|  0%| F|  |TAMS 0x0000000604800000, 0x0000000604800000| Untracked 
|  12|0x0000000604c00000, 0x0000000604c00000, 0x0000000605000000|  0%| F|  |TAMS 0x0000000604c00000, 0x0000000604c00000| Untracked 
|  13|0x0000000605000000, 0x0000000605000000, 0x0000000605400000|  0%| F|  |TAMS 0x0000000605000000, 0x0000000605000000| Untracked 
|  14|0x0000000605400000, 0x0000000605400000, 0x0000000605800000|  0%| F|  |TAMS 0x0000000605400000, 0x0000000605400000| Untracked 
|  15|0x0000000605800000, 0x0000000605800000, 0x0000000605c00000|  0%| F|  |TAMS 0x0000000605800000, 0x0000000605800000| Untracked 
|  16|0x0000000605c00000, 0x0000000605c00000, 0x0000000606000000|  0%| F|  |TAMS 0x0000000605c00000, 0x0000000605c00000| Untracked 
|  17|0x0000000606000000, 0x0000000606000000, 0x0000000606400000|  0%| F|  |TAMS 0x0000000606000000, 0x0000000606000000| Untracked 
|  18|0x0000000606400000, 0x0000000606400000, 0x0000000606800000|  0%| F|  |TAMS 0x0000000606400000, 0x0000000606400000| Untracked 
|  19|0x0000000606800000, 0x0000000606800000, 0x0000000606c00000|  0%| F|  |TAMS 0x0000000606800000, 0x0000000606800000| Untracked 
|  20|0x0000000606c00000, 0x0000000606c00000, 0x0000000607000000|  0%| F|  |TAMS 0x0000000606c00000, 0x0000000606c00000| Untracked 
|  21|0x0000000607000000, 0x0000000607000000, 0x0000000607400000|  0%| F|  |TAMS 0x0000000607000000, 0x0000000607000000| Untracked 
|  22|0x0000000607400000, 0x0000000607400000, 0x0000000607800000|  0%| F|  |TAMS 0x0000000607400000, 0x0000000607400000| Untracked 
|  23|0x0000000607800000, 0x0000000607800000, 0x0000000607c00000|  0%| F|  |TAMS 0x0000000607800000, 0x0000000607800000| Untracked 
|  24|0x0000000607c00000, 0x0000000607c00000, 0x0000000608000000|  0%| F|  |TAMS 0x0000000607c00000, 0x0000000607c00000| Untracked 
|  25|0x0000000608000000, 0x0000000608000000, 0x0000000608400000|  0%| F|  |TAMS 0x0000000608000000, 0x0000000608000000| Untracked 
|  26|0x0000000608400000, 0x0000000608400000, 0x0000000608800000|  0%| F|  |TAMS 0x0000000608400000, 0x0000000608400000| Untracked 
|  27|0x0000000608800000, 0x0000000608800000, 0x0000000608c00000|  0%| F|  |TAMS 0x0000000608800000, 0x0000000608800000| Untracked 
|  28|0x0000000608c00000, 0x0000000608c00000, 0x0000000609000000|  0%| F|  |TAMS 0x0000000608c00000, 0x0000000608c00000| Untracked 
|  29|0x0000000609000000, 0x0000000609000000, 0x0000000609400000|  0%| F|  |TAMS 0x0000000609000000, 0x0000000609000000| Untracked 
|  30|0x0000000609400000, 0x0000000609400000, 0x0000000609800000|  0%| F|  |TAMS 0x0000000609400000, 0x0000000609400000| Untracked 
|  31|0x0000000609800000, 0x0000000609800000, 0x0000000609c00000|  0%| F|  |TAMS 0x0000000609800000, 0x0000000609800000| Untracked 
|  32|0x0000000609c00000, 0x0000000609c00000, 0x000000060a000000|  0%| F|  |TAMS 0x0000000609c00000, 0x0000000609c00000| Untracked 
|  33|0x000000060a000000, 0x000000060a000000, 0x000000060a400000|  0%| F|  |TAMS 0x000000060a000000, 0x000000060a000000| Untracked 
|  34|0x000000060a400000, 0x000000060a400000, 0x000000060a800000|  0%| F|  |TAMS 0x000000060a400000, 0x000000060a400000| Untracked 
|  35|0x000000060a800000, 0x000000060a800000, 0x000000060ac00000|  0%| F|  |TAMS 0x000000060a800000, 0x000000060a800000| Untracked 
|  36|0x000000060ac00000, 0x000000060ac00000, 0x000000060b000000|  0%| F|  |TAMS 0x000000060ac00000, 0x000000060ac00000| Untracked 
|  37|0x000000060b000000, 0x000000060b000000, 0x000000060b400000|  0%| F|  |TAMS 0x000000060b000000, 0x000000060b000000| Untracked 
|  38|0x000000060b400000, 0x000000060b400000, 0x000000060b800000|  0%| F|  |TAMS 0x000000060b400000, 0x000000060b400000| Untracked 
|  39|0x000000060b800000, 0x000000060b800000, 0x000000060bc00000|  0%| F|  |TAMS 0x000000060b800000, 0x000000060b800000| Untracked 
|  40|0x000000060bc00000, 0x000000060bc00000, 0x000000060c000000|  0%| F|  |TAMS 0x000000060bc00000, 0x000000060bc00000| Untracked 
|  41|0x000000060c000000, 0x000000060c000000, 0x000000060c400000|  0%| F|  |TAMS 0x000000060c000000, 0x000000060c000000| Untracked 
|  42|0x000000060c400000, 0x000000060c400000, 0x000000060c800000|  0%| F|  |TAMS 0x000000060c400000, 0x000000060c400000| Untracked 
|  43|0x000000060c800000, 0x000000060c800000, 0x000000060cc00000|  0%| F|  |TAMS 0x000000060c800000, 0x000000060c800000| Untracked 
|  44|0x000000060cc00000, 0x000000060cc00000, 0x000000060d000000|  0%| F|  |TAMS 0x000000060cc00000, 0x000000060cc00000| Untracked 
|  45|0x000000060d000000, 0x000000060d000000, 0x000000060d400000|  0%| F|  |TAMS 0x000000060d000000, 0x000000060d000000| Untracked 
|  46|0x000000060d400000, 0x000000060d400000, 0x000000060d800000|  0%| F|  |TAMS 0x000000060d400000, 0x000000060d400000| Untracked 
|  47|0x000000060d800000, 0x000000060d800000, 0x000000060dc00000|  0%| F|  |TAMS 0x000000060d800000, 0x000000060d800000| Untracked 
|  48|0x000000060dc00000, 0x000000060dc00000, 0x000000060e000000|  0%| F|  |TAMS 0x000000060dc00000, 0x000000060dc00000| Untracked 
|  49|0x000000060e000000, 0x000000060e000000, 0x000000060e400000|  0%| F|  |TAMS 0x000000060e000000, 0x000000060e000000| Untracked 
|  50|0x000000060e400000, 0x000000060e400000, 0x000000060e800000|  0%| F|  |TAMS 0x000000060e400000, 0x000000060e400000| Untracked 
|  51|0x000000060e800000, 0x000000060e800000, 0x000000060ec00000|  0%| F|  |TAMS 0x000000060e800000, 0x000000060e800000| Untracked 
|  52|0x000000060ec00000, 0x000000060ec00000, 0x000000060f000000|  0%| F|  |TAMS 0x000000060ec00000, 0x000000060ec00000| Untracked 
|  53|0x000000060f000000, 0x000000060f000000, 0x000000060f400000|  0%| F|  |TAMS 0x000000060f000000, 0x000000060f000000| Untracked 
|  54|0x000000060f400000, 0x000000060f400000, 0x000000060f800000|  0%| F|  |TAMS 0x000000060f400000, 0x000000060f400000| Untracked 
|  55|0x000000060f800000, 0x000000060f800000, 0x000000060fc00000|  0%| F|  |TAMS 0x000000060f800000, 0x000000060f800000| Untracked 
|  56|0x000000060fc00000, 0x000000060fc00000, 0x0000000610000000|  0%| F|  |TAMS 0x000000060fc00000, 0x000000060fc00000| Untracked 
|  57|0x0000000610000000, 0x0000000610000000, 0x0000000610400000|  0%| F|  |TAMS 0x0000000610000000, 0x0000000610000000| Untracked 
|  58|0x0000000610400000, 0x0000000610400000, 0x0000000610800000|  0%| F|  |TAMS 0x0000000610400000, 0x0000000610400000| Untracked 
|  59|0x0000000610800000, 0x0000000610800000, 0x0000000610c00000|  0%| F|  |TAMS 0x0000000610800000, 0x0000000610800000| Untracked 
|  60|0x0000000610c00000, 0x0000000610c00000, 0x0000000611000000|  0%| F|  |TAMS 0x0000000610c00000, 0x0000000610c00000| Untracked 
|  61|0x0000000611000000, 0x0000000611000000, 0x0000000611400000|  0%| F|  |TAMS 0x0000000611000000, 0x0000000611000000| Untracked 
|  62|0x0000000611400000, 0x0000000611400000, 0x0000000611800000|  0%| F|  |TAMS 0x0000000611400000, 0x0000000611400000| Untracked 
|  63|0x0000000611800000, 0x0000000611800000, 0x0000000611c00000|  0%| F|  |TAMS 0x0000000611800000, 0x0000000611800000| Untracked 
|  64|0x0000000611c00000, 0x0000000611c00000, 0x0000000612000000|  0%| F|  |TAMS 0x0000000611c00000, 0x0000000611c00000| Untracked 
|  65|0x0000000612000000, 0x0000000612000000, 0x0000000612400000|  0%| F|  |TAMS 0x0000000612000000, 0x0000000612000000| Untracked 
|  66|0x0000000612400000, 0x0000000612400000, 0x0000000612800000|  0%| F|  |TAMS 0x0000000612400000, 0x0000000612400000| Untracked 
|  67|0x0000000612800000, 0x0000000612800000, 0x0000000612c00000|  0%| F|  |TAMS 0x0000000612800000, 0x0000000612800000| Untracked 
|  68|0x0000000612c00000, 0x0000000612c00000, 0x0000000613000000|  0%| F|  |TAMS 0x0000000612c00000, 0x0000000612c00000| Untracked 
|  69|0x0000000613000000, 0x0000000613000000, 0x0000000613400000|  0%| F|  |TAMS 0x0000000613000000, 0x0000000613000000| Untracked 
|  70|0x0000000613400000, 0x0000000613400000, 0x0000000613800000|  0%| F|  |TAMS 0x0000000613400000, 0x0000000613400000| Untracked 
|  71|0x0000000613800000, 0x0000000613800000, 0x0000000613c00000|  0%| F|  |TAMS 0x0000000613800000, 0x0000000613800000| Untracked 
|  72|0x0000000613c00000, 0x0000000613c00000, 0x0000000614000000|  0%| F|  |TAMS 0x0000000613c00000, 0x0000000613c00000| Untracked 
|  73|0x0000000614000000, 0x0000000614000000, 0x0000000614400000|  0%| F|  |TAMS 0x0000000614000000, 0x0000000614000000| Untracked 
|  74|0x0000000614400000, 0x0000000614400000, 0x0000000614800000|  0%| F|  |TAMS 0x0000000614400000, 0x0000000614400000| Untracked 
|  75|0x0000000614800000, 0x0000000614800000, 0x0000000614c00000|  0%| F|  |TAMS 0x0000000614800000, 0x0000000614800000| Untracked 
|  76|0x0000000614c00000, 0x0000000614c00000, 0x0000000615000000|  0%| F|  |TAMS 0x0000000614c00000, 0x0000000614c00000| Untracked 
|  77|0x0000000615000000, 0x0000000615000000, 0x0000000615400000|  0%| F|  |TAMS 0x0000000615000000, 0x0000000615000000| Untracked 
|  78|0x0000000615400000, 0x0000000615400000, 0x0000000615800000|  0%| F|  |TAMS 0x0000000615400000, 0x0000000615400000| Untracked 
|  79|0x0000000615800000, 0x0000000615800000, 0x0000000615c00000|  0%| F|  |TAMS 0x0000000615800000, 0x0000000615800000| Untracked 
|  80|0x0000000615c00000, 0x0000000615c00000, 0x0000000616000000|  0%| F|  |TAMS 0x0000000615c00000, 0x0000000615c00000| Untracked 
|  81|0x0000000616000000, 0x0000000616000000, 0x0000000616400000|  0%| F|  |TAMS 0x0000000616000000, 0x0000000616000000| Untracked 
|  82|0x0000000616400000, 0x0000000616400000, 0x0000000616800000|  0%| F|  |TAMS 0x0000000616400000, 0x0000000616400000| Untracked 
|  83|0x0000000616800000, 0x0000000616800000, 0x0000000616c00000|  0%| F|  |TAMS 0x0000000616800000, 0x0000000616800000| Untracked 
|  84|0x0000000616c00000, 0x0000000616c00000, 0x0000000617000000|  0%| F|  |TAMS 0x0000000616c00000, 0x0000000616c00000| Untracked 
|  85|0x0000000617000000, 0x0000000617000000, 0x0000000617400000|  0%| F|  |TAMS 0x0000000617000000, 0x0000000617000000| Untracked 
|  86|0x0000000617400000, 0x0000000617400000, 0x0000000617800000|  0%| F|  |TAMS 0x0000000617400000, 0x0000000617400000| Untracked 
|  87|0x0000000617800000, 0x0000000617800000, 0x0000000617c00000|  0%| F|  |TAMS 0x0000000617800000, 0x0000000617800000| Untracked 
|  88|0x0000000617c00000, 0x0000000617c00000, 0x0000000618000000|  0%| F|  |TAMS 0x0000000617c00000, 0x0000000617c00000| Untracked 
|  89|0x0000000618000000, 0x0000000618000000, 0x0000000618400000|  0%| F|  |TAMS 0x0000000618000000, 0x0000000618000000| Untracked 
|  90|0x0000000618400000, 0x0000000618400000, 0x0000000618800000|  0%| F|  |TAMS 0x0000000618400000, 0x0000000618400000| Untracked 
|  91|0x0000000618800000, 0x0000000618800000, 0x0000000618c00000|  0%| F|  |TAMS 0x0000000618800000, 0x0000000618800000| Untracked 
|  92|0x0000000618c00000, 0x0000000618c00000, 0x0000000619000000|  0%| F|  |TAMS 0x0000000618c00000, 0x0000000618c00000| Untracked 
|  93|0x0000000619000000, 0x0000000619000000, 0x0000000619400000|  0%| F|  |TAMS 0x0000000619000000, 0x0000000619000000| Untracked 
|  94|0x0000000619400000, 0x0000000619400000, 0x0000000619800000|  0%| F|  |TAMS 0x0000000619400000, 0x0000000619400000| Untracked 
|  95|0x0000000619800000, 0x0000000619800000, 0x0000000619c00000|  0%| F|  |TAMS 0x0000000619800000, 0x0000000619800000| Untracked 
|  96|0x0000000619c00000, 0x0000000619c00000, 0x000000061a000000|  0%| F|  |TAMS 0x0000000619c00000, 0x0000000619c00000| Untracked 
|  97|0x000000061a000000, 0x000000061a000000, 0x000000061a400000|  0%| F|  |TAMS 0x000000061a000000, 0x000000061a000000| Untracked 
|  98|0x000000061a400000, 0x000000061a400000, 0x000000061a800000|  0%| F|  |TAMS 0x000000061a400000, 0x000000061a400000| Untracked 
|  99|0x000000061a800000, 0x000000061a800000, 0x000000061ac00000|  0%| F|  |TAMS 0x000000061a800000, 0x000000061a800000| Untracked 
| 100|0x000000061ac00000, 0x000000061ac00000, 0x000000061b000000|  0%| F|  |TAMS 0x000000061ac00000, 0x000000061ac00000| Untracked 
| 101|0x000000061b000000, 0x000000061b000000, 0x000000061b400000|  0%| F|  |TAMS 0x000000061b000000, 0x000000061b000000| Untracked 
| 102|0x000000061b400000, 0x000000061b400000, 0x000000061b800000|  0%| F|  |TAMS 0x000000061b400000, 0x000000061b400000| Untracked 
| 103|0x000000061b800000, 0x000000061b800000, 0x000000061bc00000|  0%| F|  |TAMS 0x000000061b800000, 0x000000061b800000| Untracked 
| 104|0x000000061bc00000, 0x000000061bc00000, 0x000000061c000000|  0%| F|  |TAMS 0x000000061bc00000, 0x000000061bc00000| Untracked 
| 105|0x000000061c000000, 0x000000061c000000, 0x000000061c400000|  0%| F|  |TAMS 0x000000061c000000, 0x000000061c000000| Untracked 
| 106|0x000000061c400000, 0x000000061c400000, 0x000000061c800000|  0%| F|  |TAMS 0x000000061c400000, 0x000000061c400000| Untracked 
| 107|0x000000061c800000, 0x000000061c800000, 0x000000061cc00000|  0%| F|  |TAMS 0x000000061c800000, 0x000000061c800000| Untracked 
| 108|0x000000061cc00000, 0x000000061cc00000, 0x000000061d000000|  0%| F|  |TAMS 0x000000061cc00000, 0x000000061cc00000| Untracked 
| 109|0x000000061d000000, 0x000000061d000000, 0x000000061d400000|  0%| F|  |TAMS 0x000000061d000000, 0x000000061d000000| Untracked 
| 110|0x000000061d400000, 0x000000061d400000, 0x000000061d800000|  0%| F|  |TAMS 0x000000061d400000, 0x000000061d400000| Untracked 
| 111|0x000000061d800000, 0x000000061d800000, 0x000000061dc00000|  0%| F|  |TAMS 0x000000061d800000, 0x000000061d800000| Untracked 
| 112|0x000000061dc00000, 0x000000061dc00000, 0x000000061e000000|  0%| F|  |TAMS 0x000000061dc00000, 0x000000061dc00000| Untracked 
| 113|0x000000061e000000, 0x000000061e000000, 0x000000061e400000|  0%| F|  |TAMS 0x000000061e000000, 0x000000061e000000| Untracked 
| 114|0x000000061e400000, 0x000000061e400000, 0x000000061e800000|  0%| F|  |TAMS 0x000000061e400000, 0x000000061e400000| Untracked 
| 115|0x000000061e800000, 0x000000061e800000, 0x000000061ec00000|  0%| F|  |TAMS 0x000000061e800000, 0x000000061e800000| Untracked 
| 116|0x000000061ec00000, 0x000000061ec00000, 0x000000061f000000|  0%| F|  |TAMS 0x000000061ec00000, 0x000000061ec00000| Untracked 
| 117|0x000000061f000000, 0x000000061f000000, 0x000000061f400000|  0%| F|  |TAMS 0x000000061f000000, 0x000000061f000000| Untracked 
| 118|0x000000061f400000, 0x000000061f400000, 0x000000061f800000|  0%| F|  |TAMS 0x000000061f400000, 0x000000061f400000| Untracked 
| 119|0x000000061f800000, 0x000000061fc00000, 0x000000061fc00000|100%| E|  |TAMS 0x000000061f800000, 0x000000061f800000| Complete 
| 120|0x000000061fc00000, 0x000000061fd42910, 0x0000000620000000| 31%| S|CS|TAMS 0x000000061fc00000, 0x000000061fc00000| Complete 
| 121|0x0000000620000000, 0x0000000620400000, 0x0000000620400000|100%| E|CS|TAMS 0x0000000620000000, 0x0000000620000000| Complete 
| 122|0x0000000620400000, 0x0000000620800000, 0x0000000620800000|100%| E|CS|TAMS 0x0000000620400000, 0x0000000620400000| Complete 
| 123|0x0000000620800000, 0x0000000620c00000, 0x0000000620c00000|100%| E|CS|TAMS 0x0000000620800000, 0x0000000620800000| Complete 
| 124|0x0000000620c00000, 0x0000000621000000, 0x0000000621000000|100%| E|CS|TAMS 0x0000000620c00000, 0x0000000620c00000| Complete 
| 125|0x0000000621000000, 0x0000000621400000, 0x0000000621400000|100%| E|CS|TAMS 0x0000000621000000, 0x0000000621000000| Complete 
| 126|0x0000000621400000, 0x0000000621800000, 0x0000000621800000|100%| E|CS|TAMS 0x0000000621400000, 0x0000000621400000| Complete 
| 127|0x0000000621800000, 0x0000000621c00000, 0x0000000621c00000|100%| E|CS|TAMS 0x0000000621800000, 0x0000000621800000| Complete 

Card table byte_map: [0x0000027e2ffe0000,0x0000027e30fe0000] _byte_map_base: 0x0000027e2cfd2000

Marking Bits (Prev, Next): (CMBitMap*) 0x0000027e13e39f90, (CMBitMap*) 0x0000027e13e39fd0
 Prev Bits: [0x0000027e31fe0000, 0x0000027e39f70000)
 Next Bits: [0x0000027e39f70000, 0x0000027e41f00000)

Polling page: 0x0000027e15730000

Metaspace:

Usage:
  Non-class:     15.11 MB used.
      Class:      1.72 MB used.
       Both:     16.83 MB used.

Virtual space:
  Non-class space:       16.00 MB reserved,      15.19 MB ( 95%) committed,  2 nodes.
      Class space:        1.00 GB reserved,       1.81 MB ( <1%) committed,  1 nodes.
              Both:        1.02 GB reserved,      17.00 MB (  2%) committed. 

Chunk freelists:
   Non-Class:  544.00 KB
       Class:  2.08 MB
        Both:  2.61 MB

MaxMetaspaceSize: 17179869184.00 GB
CompressedClassSpaceSize: 1.00 GB
 - commit_granule_bytes: 65536.
 - commit_granule_words: 8192.
 - virtual_space_node_default_size: 1048576.
 - enlarge_chunks_in_place: 1.
 - new_chunks_are_fully_committed: 0.
 - uncommit_free_chunks: 1.
 - use_allocation_guard: 0.
 - handle_deallocations: 1.


Internal statistics:

num_allocs_failed_limit: 0.
num_arena_births: 118.
num_arena_deaths: 0.
num_vsnodes_births: 3.
num_vsnodes_deaths: 0.
num_space_committed: 272.
num_space_uncommitted: 0.
num_chunks_returned_to_freelist: 0.
num_chunks_taken_from_freelist: 498.
num_chunk_merges: 0.
num_chunk_splits: 404.
num_chunks_enlarged: 343.
num_purges: 0.

CodeHeap 'non-profiled nmethods': size=120000Kb used=543Kb max_used=543Kb free=119456Kb
 bounds [0x0000027e27780000, 0x0000027e279f0000, 0x0000027e2ecb0000]
CodeHeap 'profiled nmethods': size=120000Kb used=2248Kb max_used=2248Kb free=117751Kb
 bounds [0x0000027e20250000, 0x0000027e204c0000, 0x0000027e27780000]
CodeHeap 'non-nmethods': size=5760Kb used=1590Kb max_used=1622Kb free=4169Kb
 bounds [0x0000027e1fcb0000, 0x0000027e1ff20000, 0x0000027e20250000]
 total_blobs=2171 nmethods=1265 adapters=819
 compilation: enabled
              stopped_count=0, restarted_count=0
 full_count=0

Compilation events (20 events):
Event: 756.464 Thread 0x0000027e467bc5c0 1250       4       java.lang.String::indexOf (113 bytes)
Event: 756.466 Thread 0x0000027e467bc5c0 nmethod 1250 0x0000027e277fe890 code [0x0000027e277fea20, 0x0000027e277fee78]
Event: 756.470 Thread 0x0000027e44972d20 1257       3       androidx.compose.ui.graphics.MatrixKt::access$dot-p89u6pk (8 bytes)
Event: 756.470 Thread 0x0000027e44972d20 nmethod 1257 0x0000027e20480210 code [0x0000027e204803c0, 0x0000027e20480508]
Event: 756.470 Thread 0x0000027e44972d20 1258       3       androidx.compose.ui.graphics.MatrixKt::dot-p89u6pk (120 bytes)
Event: 756.470 Thread 0x0000027e44972d20 nmethod 1258 0x0000027e20480610 code [0x0000027e204807c0, 0x0000027e20480a18]
Event: 756.470 Thread 0x0000027e44972d20 1259       1       androidx.compose.ui.node.LayoutNodeWrapper::getWrappedBy$ui (5 bytes)
Event: 756.470 Thread 0x0000027e44972d20 nmethod 1259 0x0000027e277ff110 code [0x0000027e277ff2a0, 0x0000027e277ff378]
Event: 756.475 Thread 0x0000027e44972d20 1260       3       kotlin.ULong::constructor-impl (4 bytes)
Event: 756.475 Thread 0x0000027e44972d20 nmethod 1260 0x0000027e20480c10 code [0x0000027e20480da0, 0x0000027e20480e98]
Event: 756.476 Thread 0x0000027e467bc5c0 1261       4       java.lang.ClassLoader::checkName (37 bytes)
Event: 756.479 Thread 0x0000027e467bc5c0 nmethod 1261 0x0000027e277ff410 code [0x0000027e277ff5a0, 0x0000027e277ff7d8]
Event: 756.480 Thread 0x0000027e44972d20 1262       1       androidx.compose.runtime.collection.MutableVector::getSize (5 bytes)
Event: 756.480 Thread 0x0000027e44972d20 nmethod 1262 0x0000027e277ff990 code [0x0000027e277ffb20, 0x0000027e277ffbf8]
Event: 756.480 Thread 0x0000027e44972d20 1263       1       org.jetbrains.skia.impl.Native::get_ptr$skiko (5 bytes)
Event: 756.480 Thread 0x0000027e44972d20 nmethod 1263 0x0000027e277ffc90 code [0x0000027e277ffe20, 0x0000027e277ffef8]
Event: 756.482 Thread 0x0000027e44972d20 1264       3       kotlin.collections.ArraysKt___ArraysJvmKt::copyInto (25 bytes)
Event: 756.482 Thread 0x0000027e44972d20 nmethod 1264 0x0000027e20480f10 code [0x0000027e204811c0, 0x0000027e20481e48]
Event: 756.482 Thread 0x0000027e44972d20 1265       1       androidx.compose.ui.node.LayoutNodeWrapper::getLayoutNode$ui (5 bytes)
Event: 756.483 Thread 0x0000027e44972d20 nmethod 1265 0x0000027e277fff90 code [0x0000027e27800120, 0x0000027e278001f8]

GC Heap History (4 events):
Event: 0.807 GC heap before
{Heap before GC invocations=0 (full 0):
 garbage-first heap   total 524288K, used 20480K [0x0000000601c00000, 0x0000000800000000)
  region size 4096K, 6 young (24576K), 0 survivors (0K)
 Metaspace       used 5718K, committed 5888K, reserved 1056768K
  class space    used 502K, committed 576K, reserved 1048576K
}
Event: 0.810 GC heap after
{Heap after GC invocations=1 (full 0):
 garbage-first heap   total 524288K, used 3585K [0x0000000601c00000, 0x0000000800000000)
  region size 4096K, 1 young (4096K), 1 survivors (4096K)
 Metaspace       used 5718K, committed 5888K, reserved 1056768K
  class space    used 502K, committed 576K, reserved 1048576K
}
Event: 1.128 GC heap before
{Heap before GC invocations=1 (full 0):
 garbage-first heap   total 524288K, used 28161K [0x0000000601c00000, 0x0000000800000000)
  region size 4096K, 7 young (28672K), 1 survivors (4096K)
 Metaspace       used 12228K, committed 12480K, reserved 1064960K
  class space    used 1203K, committed 1344K, reserved 1048576K
}
Event: 1.132 GC heap after
{Heap after GC invocations=2 (full 0):
 garbage-first heap   total 524288K, used 4715K [0x0000000601c00000, 0x0000000800000000)
  region size 4096K, 1 young (4096K), 1 survivors (4096K)
 Metaspace       used 12228K, committed 12480K, reserved 1064960K
  class space    used 1203K, committed 1344K, reserved 1048576K
}

Deoptimization events (20 events):
Event: 1.191 Thread 0x0000027e45d83400 DEOPT PACKING pc=0x0000027e2038f8f5 sp=0x000000e7b52fbd90
Event: 1.191 Thread 0x0000027e45d83400 DEOPT UNPACKING pc=0x0000027e1fcfdece sp=0x000000e7b52fb1f0 mode 0
Event: 756.384 Thread 0x0000027e45d83400 Uncommon trap: trap_request=0xffffffde fr.pc=0x0000027e277f9344 relative=0x0000000000000124
Event: 756.384 Thread 0x0000027e45d83400 Uncommon trap: reason=class_check action=maybe_recompile pc=0x0000027e277f9344 method=jdk.internal.misc.Unsafe.allocateUninitializedArray(Ljava/lang/Class;I)Ljava/lang/Object; @ 51 c2
Event: 756.384 Thread 0x0000027e45d83400 DEOPT PACKING pc=0x0000027e277f9344 sp=0x000000e7b52fb160
Event: 756.384 Thread 0x0000027e45d83400 DEOPT UNPACKING pc=0x0000027e1fcfd72e sp=0x000000e7b52fb0e8 mode 2
Event: 756.384 Thread 0x0000027e45d83400 Uncommon trap: trap_request=0xffffffde fr.pc=0x0000027e277f9344 relative=0x0000000000000124
Event: 756.384 Thread 0x0000027e45d83400 Uncommon trap: reason=class_check action=maybe_recompile pc=0x0000027e277f9344 method=jdk.internal.misc.Unsafe.allocateUninitializedArray(Ljava/lang/Class;I)Ljava/lang/Object; @ 51 c2
Event: 756.384 Thread 0x0000027e45d83400 DEOPT PACKING pc=0x0000027e277f9344 sp=0x000000e7b52faca0
Event: 756.384 Thread 0x0000027e45d83400 DEOPT UNPACKING pc=0x0000027e1fcfd72e sp=0x000000e7b52fac28 mode 2
Event: 756.384 Thread 0x0000027e45d83400 Uncommon trap: trap_request=0xffffffde fr.pc=0x0000027e277f9344 relative=0x0000000000000124
Event: 756.384 Thread 0x0000027e45d83400 Uncommon trap: reason=class_check action=maybe_recompile pc=0x0000027e277f9344 method=jdk.internal.misc.Unsafe.allocateUninitializedArray(Ljava/lang/Class;I)Ljava/lang/Object; @ 51 c2
Event: 756.384 Thread 0x0000027e45d83400 DEOPT PACKING pc=0x0000027e277f9344 sp=0x000000e7b52fb6a0
Event: 756.384 Thread 0x0000027e45d83400 DEOPT UNPACKING pc=0x0000027e1fcfd72e sp=0x000000e7b52fb628 mode 2
Event: 756.384 Thread 0x0000027e45d83400 Uncommon trap: trap_request=0xffffffde fr.pc=0x0000027e277f9344 relative=0x0000000000000124
Event: 756.384 Thread 0x0000027e45d83400 Uncommon trap: reason=class_check action=maybe_recompile pc=0x0000027e277f9344 method=jdk.internal.misc.Unsafe.allocateUninitializedArray(Ljava/lang/Class;I)Ljava/lang/Object; @ 51 c2
Event: 756.384 Thread 0x0000027e45d83400 DEOPT PACKING pc=0x0000027e277f9344 sp=0x000000e7b52fb1e0
Event: 756.384 Thread 0x0000027e45d83400 DEOPT UNPACKING pc=0x0000027e1fcfd72e sp=0x000000e7b52fb168 mode 2
Event: 756.423 Thread 0x0000027e45d83400 DEOPT PACKING pc=0x0000027e202cf856 sp=0x000000e7b52f7e30
Event: 756.423 Thread 0x0000027e45d83400 DEOPT UNPACKING pc=0x0000027e1fcfdece sp=0x000000e7b52f72b8 mode 0

Classes unloaded (0 events):
No events

Classes redefined (0 events):
No events

Internal exceptions (17 events):
Event: 0.650 Thread 0x0000027e15f5d8b0 Exception <a 'java/lang/ClassNotFoundException'{0x0000000620cca210}: sun/awt/resources/spi/awtProvider> (0x0000000620cca210) 
thrown [c:\ws\workspace\jdk-16.0.2\label\windows-x86_64\type\b11\build\src\hotspot\share\classfile\systemDictionary.cpp, line 256]
Event: 0.666 Thread 0x0000027e15f5d8b0 Exception <a 'java/io/FileNotFoundException'{0x0000000620d56ac8}> (0x0000000620d56ac8) 
thrown [c:\ws\workspace\jdk-16.0.2\label\windows-x86_64\type\b11\build\src\hotspot\share\prims\jni.cpp, line 579]
Event: 0.672 Thread 0x0000027e15f5d8b0 Exception <a 'java/io/FileNotFoundException'{0x0000000620d898a0}> (0x0000000620d898a0) 
thrown [c:\ws\workspace\jdk-16.0.2\label\windows-x86_64\type\b11\build\src\hotspot\share\prims\jni.cpp, line 579]
Event: 0.672 Thread 0x0000027e15f5d8b0 Exception <a 'java/lang/NoSuchMethodError'{0x0000000620d8e878}: 'java.lang.Object java.lang.invoke.DirectMethodHandle$Holder.invokeStatic(java.lang.Object)'> (0x0000000620d8e878) 
thrown [c:\ws\workspace\jdk-16.0.2\label\windows-x86_64\type\b11\build\src\hotspot\share\interpreter\linkResolver.cpp, line 790]
Event: 0.677 Thread 0x0000027e15f5d8b0 Exception <a 'java/lang/NoSuchMethodError'{0x0000000620de6dd0}: 'void java.lang.invoke.DirectMethodHandle$Holder.invokeSpecial(java.lang.Object, java.lang.Object, java.lang.Object)'> (0x0000000620de6dd0) 
thrown [c:\ws\workspace\jdk-16.0.2\label\windows-x86_64\type\b11\build\src\hotspot\share\interpreter\linkResolver.cpp, line 790]
Event: 0.701 Thread 0x0000027e15f5d8b0 Exception <a 'java/lang/NoSuchMethodError'{0x0000000620f97770}: 'java.lang.Object java.lang.invoke.DirectMethodHandle$Holder.invokeStaticInit(java.lang.Object)'> (0x0000000620f97770) 
thrown [c:\ws\workspace\jdk-16.0.2\label\windows-x86_64\type\b11\build\src\hotspot\share\interpreter\linkResolver.cpp, line 790]
Event: 0.915 Thread 0x0000027e45d83400 Exception <a 'java/lang/NoSuchMethodError'{0x000000062132c550}: 'java.lang.Object java.lang.invoke.DirectMethodHandle$Holder.newInvokeSpecial(java.lang.Object, java.lang.Object, java.lang.Object, java.lang.Object, java.lang.Object)'> (0x000000062132c550) 
thrown [c:\ws\workspace\jdk-16.0.2\label\windows-x86_64\type\b11\build\src\hotspot\share\interpreter\linkResolver.cpp, line 790]
Event: 0.917 Thread 0x0000027e45d83400 Exception <a 'java/lang/NoSuchMethodError'{0x00000006213382e0}: 'java.lang.Object java.lang.invoke.DirectMethodHandle$Holder.invokeStatic(java.lang.Object, int, java.lang.Object, java.lang.Object, java.lang.Object, java.lang.Object)'> (0x00000006213382e0) 
thrown [c:\ws\workspace\jdk-16.0.2\label\windows-x86_64\type\b11\build\src\hotspot\share\interpreter\linkResolver.cpp, line 790]
Event: 0.920 Thread 0x0000027e45d83400 Exception <a 'java/lang/NoSuchMethodError'{0x000000062135f7e0}: 'java.lang.Object java.lang.invoke.DirectMethodHandle$Holder.invokeStatic(java.lang.Object, int, java.lang.Object)'> (0x000000062135f7e0) 
thrown [c:\ws\workspace\jdk-16.0.2\label\windows-x86_64\type\b11\build\src\hotspot\share\interpreter\linkResolver.cpp, line 790]
Event: 0.940 Thread 0x0000027e45d83400 Exception <a 'java/lang/ClassNotFoundException'{0x0000000620c3b040}: com/sun/swing/internal/plaf/metal/resources/spi/metalProvider> (0x0000000620c3b040) 
thrown [c:\ws\workspace\jdk-16.0.2\label\windows-x86_64\type\b11\build\src\hotspot\share\classfile\systemDictionary.cpp, line 256]
Event: 0.941 Thread 0x0000027e45d83400 Exception <a 'java/lang/ClassNotFoundException'{0x0000000620c447c0}: com/sun/swing/internal/plaf/basic/resources/spi/basicProvider> (0x0000000620c447c0) 
thrown [c:\ws\workspace\jdk-16.0.2\label\windows-x86_64\type\b11\build\src\hotspot\share\classfile\systemDictionary.cpp, line 256]
Event: 0.945 Thread 0x0000027e45d83400 Implicit null exception at 0x0000027e277c3de1 to 0x0000027e277c4d00
Event: 0.947 Thread 0x0000027e45d83400 Implicit null exception at 0x0000027e277aa19c to 0x0000027e277aa678
Event: 0.947 Thread 0x0000027e45d83400 Implicit null exception at 0x0000027e277a1992 to 0x0000027e277a1e24
Event: 1.000 Thread 0x0000027e45d83400 Exception <a 'java/lang/NoSuchMethodError'{0x00000006209dcc60}: 'void java.lang.invoke.DirectMethodHandle$Holder.invokeStatic(java.lang.Object, java.lang.Object, java.lang.Object)'> (0x00000006209dcc60) 
thrown [c:\ws\workspace\jdk-16.0.2\label\windows-x86_64\type\b11\build\src\hotspot\share\interpreter\linkResolver.cpp, line 790]
Event: 1.040 Thread 0x0000027e45d9fab0 Exception <a 'java/lang/NoSuchMethodError'{0x0000000620507508}: 'void java.lang.invoke.DirectMethodHandle$Holder.invokeVirtual(java.lang.Object, java.lang.Object)'> (0x0000000620507508) 
thrown [c:\ws\workspace\jdk-16.0.2\label\windows-x86_64\type\b11\build\src\hotspot\share\interpreter\linkResolver.cpp, line 790]
Event: 1.051 Thread 0x0000027e45d83400 Exception <a 'java/lang/NoSuchMethodError'{0x000000062058e330}: 'void java.lang.invoke.DirectMethodHandle$Holder.invokeStaticInit(java.lang.Object)'> (0x000000062058e330) 
thrown [c:\ws\workspace\jdk-16.0.2\label\windows-x86_64\type\b11\build\src\hotspot\share\interpreter\linkResolver.cpp, line 790]

Events (20 events):
Event: 756.481 loading class org/jetbrains/skia/Picture$Companion
Event: 756.481 loading class org/jetbrains/skia/Picture$Companion done
Event: 756.481 loading class androidx/compose/material/ripple/RippleAnimationKt
Event: 756.481 loading class androidx/compose/material/ripple/RippleAnimationKt done
Event: 756.481 loading class androidx/compose/runtime/snapshots/StateMapMutableEntriesIterator
Event: 756.481 loading class androidx/compose/runtime/snapshots/StateMapMutableEntriesIterator done
Event: 756.482 loading class androidx/compose/runtime/snapshots/StateMapMutableIterator
Event: 756.482 loading class androidx/compose/runtime/snapshots/StateMapMutableIterator done
Event: 756.482 loading class java/util/ConcurrentModificationException
Event: 756.482 loading class java/util/ConcurrentModificationException done
Event: 756.482 loading class org/jetbrains/skiko/PictureHolder
Event: 756.482 loading class org/jetbrains/skiko/PictureHolder done
Event: 756.482 loading class org/jetbrains/skia/DirectContext
Event: 756.482 loading class org/jetbrains/skia/DirectContext done
Event: 756.483 loading class org/jetbrains/skia/DirectContext$Companion
Event: 756.483 loading class org/jetbrains/skia/DirectContext$Companion done
Event: 756.485 loading class org/jetbrains/skia/DirectContextKt
Event: 756.485 loading class org/jetbrains/skia/DirectContextKt done
Event: 756.488 loading class org/jetbrains/skia/Surface$Companion
Event: 756.488 loading class org/jetbrains/skia/Surface$Companion done


Dynamic libraries:
0x00007ff7d6ea0000 - 0x00007ff7d6ead000 	C:\Program Files\BellSoft\LibericaJDK-16-Full\bin\java.exe
0x00007fff565f0000 - 0x00007fff567e8000 	C:\WINDOWS\SYSTEM32\ntdll.dll
0x00007fff560e0000 - 0x00007fff5619d000 	C:\WINDOWS\System32\KERNEL32.DLL
0x00007fff53e60000 - 0x00007fff54156000 	C:\WINDOWS\System32\KERNELBASE.dll
0x00007fff542c0000 - 0x00007fff543c0000 	C:\WINDOWS\System32\ucrtbase.dll
0x00007fff2f510000 - 0x00007fff2f525000 	C:\Program Files\BellSoft\LibericaJDK-16-Full\bin\VCRUNTIME140.dll
0x00007fff2afc0000 - 0x00007fff2afd8000 	C:\Program Files\BellSoft\LibericaJDK-16-Full\bin\jli.dll
0x00007fff546a0000 - 0x00007fff5483e000 	C:\WINDOWS\System32\USER32.dll
0x00007fff34a60000 - 0x00007fff34cfa000 	C:\WINDOWS\WinSxS\amd64_microsoft.windows.common-controls_6595b64144ccf1df_6.0.19041.3636_none_60b6a03d71f818d5\COMCTL32.dll
0x00007fff54160000 - 0x00007fff54182000 	C:\WINDOWS\System32\win32u.dll
0x00007fff55ad0000 - 0x00007fff55afc000 	C:\WINDOWS\System32\GDI32.dll
0x00007fff55c90000 - 0x00007fff55d2e000 	C:\WINDOWS\System32\msvcrt.dll
0x00007fff53cf0000 - 0x00007fff53e0a000 	C:\WINDOWS\System32\gdi32full.dll
0x00007fff54220000 - 0x00007fff542bd000 	C:\WINDOWS\System32\msvcp_win.dll
0x00007fff55c60000 - 0x00007fff55c90000 	C:\WINDOWS\System32\IMM32.DLL
0x00007fff171e0000 - 0x00007fff1727b000 	C:\Program Files\BellSoft\LibericaJDK-16-Full\bin\msvcp140.dll
0x00007ffefbfa0000 - 0x00007ffefcba8000 	C:\Program Files\BellSoft\LibericaJDK-16-Full\bin\server\jvm.dll
0x00007fff55d30000 - 0x00007fff55de3000 	C:\WINDOWS\System32\ADVAPI32.dll
0x00007fff55e50000 - 0x00007fff55eef000 	C:\WINDOWS\System32\sechost.dll
0x00007fff55fa0000 - 0x00007fff560c6000 	C:\WINDOWS\System32\RPCRT4.dll
0x00007fff53cc0000 - 0x00007fff53ce7000 	C:\WINDOWS\System32\bcrypt.dll
0x00007fff560d0000 - 0x00007fff560d8000 	C:\WINDOWS\System32\PSAPI.DLL
0x00007fff41500000 - 0x00007fff41509000 	C:\WINDOWS\SYSTEM32\WSOCK32.dll
0x00007fff4e120000 - 0x00007fff4e12a000 	C:\WINDOWS\SYSTEM32\VERSION.dll
0x00007fff445d0000 - 0x00007fff445f7000 	C:\WINDOWS\SYSTEM32\WINMM.dll
0x00007fff54ce0000 - 0x00007fff54d4b000 	C:\WINDOWS\System32\WS2_32.dll
0x00007fff51b50000 - 0x00007fff51b62000 	C:\WINDOWS\SYSTEM32\kernel.appcore.dll
0x00007fff33f40000 - 0x00007fff33f4a000 	C:\Program Files\BellSoft\LibericaJDK-16-Full\bin\jimage.dll
0x00007fff44d60000 - 0x00007fff44f44000 	C:\WINDOWS\SYSTEM32\DBGHELP.DLL
0x00007fff41ff0000 - 0x00007fff42024000 	C:\WINDOWS\SYSTEM32\dbgcore.DLL
0x00007fff54190000 - 0x00007fff54212000 	C:\WINDOWS\System32\bcryptPrimitives.dll
0x00007fff2f540000 - 0x00007fff2f57a000 	C:\Program Files\BellSoft\LibericaJDK-16-Full\bin\jdwp.dll
0x00007fff4f950000 - 0x00007fff4f95e000 	C:\Program Files\BellSoft\LibericaJDK-16-Full\bin\instrument.dll
0x00007fff27f10000 - 0x00007fff27f35000 	C:\Program Files\BellSoft\LibericaJDK-16-Full\bin\java.dll
0x00007fff21750000 - 0x00007fff21768000 	C:\Program Files\BellSoft\LibericaJDK-16-Full\bin\zip.dll
0x00007fff54d50000 - 0x00007fff55495000 	C:\WINDOWS\System32\SHELL32.dll
0x00007fff51d50000 - 0x00007fff524eb000 	C:\WINDOWS\SYSTEM32\windows.storage.dll
0x00007fff54840000 - 0x00007fff54b94000 	C:\WINDOWS\System32\combase.dll
0x00007fff53610000 - 0x00007fff5363d000 	C:\WINDOWS\SYSTEM32\Wldp.dll
0x00007fff54c30000 - 0x00007fff54cdd000 	C:\WINDOWS\System32\SHCORE.dll
0x00007fff54640000 - 0x00007fff54695000 	C:\WINDOWS\System32\shlwapi.dll
0x00007fff53bf0000 - 0x00007fff53c15000 	C:\WINDOWS\SYSTEM32\profapi.dll
0x00007fff4f960000 - 0x00007fff4f96c000 	C:\Program Files\BellSoft\LibericaJDK-16-Full\bin\dt_socket.dll
0x00007fff53030000 - 0x00007fff5306b000 	C:\WINDOWS\SYSTEM32\IPHLPAPI.DLL
0x00007fff53380000 - 0x00007fff533ea000 	C:\WINDOWS\system32\mswsock.dll
0x00007fff28fe0000 - 0x00007fff28ff9000 	C:\Program Files\BellSoft\LibericaJDK-16-Full\bin\net.dll
0x00007fff4c770000 - 0x00007fff4c87a000 	C:\WINDOWS\SYSTEM32\WINHTTP.dll
0x00007fff27a70000 - 0x00007fff27a83000 	C:\Program Files\BellSoft\LibericaJDK-16-Full\bin\nio.dll
0x00007fff207a0000 - 0x00007fff20939000 	C:\Program Files\BellSoft\LibericaJDK-16-Full\bin\awt.dll
0x00007fff55b90000 - 0x00007fff55c5d000 	C:\WINDOWS\System32\OLEAUT32.dll
0x00007fff514b0000 - 0x00007fff51540000 	C:\WINDOWS\SYSTEM32\apphelp.dll
0x00007fff51680000 - 0x00007fff5171e000 	C:\WINDOWS\system32\uxtheme.dll
0x00007fff563b0000 - 0x00007fff564c4000 	C:\WINDOWS\System32\MSCTF.dll
0x00007fff55500000 - 0x00007fff5562b000 	C:\WINDOWS\System32\ole32.dll
0x00007fff51970000 - 0x00007fff5199f000 	C:\WINDOWS\system32\DWMAPI.DLL
0x00007fff33dc0000 - 0x00007fff33ee5000 	C:\WINDOWS\system32\opengl32.dll
0x00007fff4cb50000 - 0x00007fff4cb7c000 	C:\WINDOWS\SYSTEM32\GLU32.dll
0x00007ffefaff0000 - 0x00007ffefbf97000 	C:\Users\User\.skiko\910c5adfbcd6cf51bf4c5a52ed8f9819cce19290cdf0426dcffb7f96500367e6\skiko-windows-x64.dll
0x00007fff28460000 - 0x00007fff284e6000 	C:\Program Files\BellSoft\LibericaJDK-16-Full\bin\freetype.dll
0x00007fff28360000 - 0x00007fff28452000 	C:\Program Files\BellSoft\LibericaJDK-16-Full\bin\harfbuzz.dll
0x00007fff412e0000 - 0x00007fff412f2000 	C:\Program Files\BellSoft\LibericaJDK-16-Full\bin\fontmanager.dll
0x00007fff4cb80000 - 0x00007fff4cb87000 	C:\Program Files\BellSoft\LibericaJDK-16-Full\bin\jawt.dll
0x00007fff52650000 - 0x00007fff52743000 	C:\WINDOWS\SYSTEM32\Dxgi.dll
0x00007fff2f5d0000 - 0x00007fff2f5f6000 	C:\WINDOWS\SYSTEM32\D3D12.dll
0x00007fff07610000 - 0x00007fff077dd000 	C:\WINDOWS\SYSTEM32\D3D12Core.dll
0x00007fff4aed0000 - 0x00007fff4af0b000 	C:\WINDOWS\SYSTEM32\dxcore.dll
0x00007fff53e10000 - 0x00007fff53e5e000 	C:\WINDOWS\System32\cfgmgr32.dll
0x00007fff47370000 - 0x00007fff4976c000 	C:\WINDOWS\System32\DriverStore\FileRepository\iigd_dch.inf_amd64_518f2921ba495409\igc64.dll
0x00007ffec07c0000 - 0x00007ffec1980000 	C:\WINDOWS\System32\DriverStore\FileRepository\iigd_dch.inf_amd64_518f2921ba495409\igd12umd64.dll
0x00007fff49770000 - 0x00007fff49910000 	C:\WINDOWS\System32\DriverStore\FileRepository\iigd_dch.inf_amd64_518f2921ba495409\igdgmm64.dll
0x00007ffefcbb0000 - 0x00007ffefd242000 	C:\WINDOWS\System32\DriverStore\FileRepository\iigd_dch.inf_amd64_518f2921ba495409\igdml64.dll
0x00007fff2f580000 - 0x00007fff2f5aa000 	C:\WINDOWS\SYSTEM32\D3DSCache.dll
0x00007fff53b70000 - 0x00007fff53b9e000 	C:\WINDOWS\SYSTEM32\USERENV.dll
0x00007ffebca50000 - 0x00007ffec07b9000 	C:\WINDOWS\System32\DriverStore\FileRepository\iigd_dch.inf_amd64_518f2921ba495409\igd12dxva64.dll
0x00007fff1ecb0000 - 0x00007fff1ecd3000 	C:\WINDOWS\System32\DriverStore\FileRepository\iigd_dch.inf_amd64_518f2921ba495409\igdinfo64.dll
0x00007fff4dd90000 - 0x00007fff4df93000 	C:\WINDOWS\SYSTEM32\twinapi.appcore.dll
0x00007fff2fcb0000 - 0x00007fff2ff2f000 	C:\WINDOWS\SYSTEM32\dwrite.dll

dbghelp: loaded successfully - version: 4.0.5 - missing functions: none
symbol engine: initialized successfully - sym options: 0x614 - pdb path: .;C:\Program Files\BellSoft\LibericaJDK-16-Full\bin;C:\WINDOWS\SYSTEM32;C:\WINDOWS\WinSxS\amd64_microsoft.windows.common-controls_6595b64144ccf1df_6.0.19041.3636_none_60b6a03d71f818d5;C:\Program Files\BellSoft\LibericaJDK-16-Full\bin\server;C:\Users\User\.skiko\910c5adfbcd6cf51bf4c5a52ed8f9819cce19290cdf0426dcffb7f96500367e6;C:\WINDOWS\System32\DriverStore\FileRepository\iigd_dch.inf_amd64_518f2921ba495409

VM Arguments:
jvm_args: -agentlib:jdwp=transport=dt_socket,address=127.0.0.1:56762,suspend=y,server=n -javaagent:C:/JAVA/gradle-8.5/caches/modules-2/files-2.1/org.jetbrains.kotlinx/kotlinx-coroutines-core-jvm/1.5.2/f4cc07a50437659e0043e7da762809a46932b6a0/kotlinx-coroutines-core-jvm-1.5.2.jar -javaagent:C:\Users\User\AppData\Local\JetBrains\IntelliJIdea2021.3\captureAgent\debugger-agent.jar -Dfile.encoding=UTF-8 
java_command: MainKt
java_class_path (initial): D:\JAVA\Projects\KotlinComposeDesktop\build\classes\java\main;D:\JAVA\Projects\KotlinComposeDesktop\build\classes\kotlin\main;C:\JAVA\gradle-8.5\caches\modules-2\files-2.1\org.jetbrains.kotlin\kotlin-stdlib-jdk8\1.6.10\e80fe6ac3c3573a80305f5ec43f86b829e8ab53d\kotlin-stdlib-jdk8-1.6.10.jar;C:\JAVA\gradle-8.5\caches\modules-2\files-2.1\org.jetbrains.kotlin\kotlin-stdlib-jdk7\1.6.10\e1c380673654a089c4f0c9f83d0ddfdc1efdb498\kotlin-stdlib-jdk7-1.6.10.jar;C:\JAVA\gradle-8.5\caches\modules-2\files-2.1\org.jetbrains.kotlin\kotlin-stdlib\1.6.10\b8af3fe6f1ca88526914929add63cf5e7c5049af\kotlin-stdlib-1.6.10.jar;C:\JAVA\gradle-8.5\caches\modules-2\files-2.1\org.jetbrains.compose.desktop\desktop-jvm\1.1.1\5ee1b0cb95662b9ec8e19c2d7f94b38673fdbe14\desktop-jvm-1.1.1.jar;C:\JAVA\gradle-8.5\caches\modules-2\files-2.1\org.jetbrains\annotations\13.0\919f0dfe192fb4e063e7dacadee7f8bb9a2672a9\annotations-13.0.jar;C:\JAVA\gradle-8.5\caches\modules-2\files-2.1\org.jetbrains.kotlin\kotlin-stdlib-common\1.6.10\c118700e3a33c8a0d9adc920e9dec0831171925\kotlin-stdlib-common-1.6.10.jar;C:\JAVA\gradle-8.5\caches\modules-2\files-2.1\org.jetbrains.compose.material\material-desktop\1.1.1\9562f3d1265ac4485d96d6a42788cecf03a0f9fd\material-desktop-1.1.1.jar;C:\JAVA\gradle-8.5\caches\modules-2\files-2.1\org.jetbrains.compose.foundation\foundation-desktop\1.1.1\37301aed12391c2b359b7ae4628da760b0dae2c3\foundation-desktop-1.1.1.jar;C:\JAVA\gradle-8.5\caches\modules-2\files-2.1\org.jetbrains.compose.ui\ui-tooling-preview-desktop\1.1.1\b57e16cd7cca67c9aa0bfb85aba98e393c486771\ui-tooling-preview-desktop-1.1.1.jar;C:\JAVA\gradle-8.5\caches\modules-2\files-2.1\org.jetbrains.compose.ui\ui-desktop\1.1.1\9eb3f6e6f8d2635ce16318f0986b053f5f7cb95b\ui-desktop-1.1.1.jar;C:\JAVA\gradle-8.5\caches\modules-2\files-2.1\org.jetbrains.compose.runtime\runtime-desktop\1.1.1\c27d7023bd5de69a0aa3410335302121f8aa60d8\runtime-desktop-1.1.1.jar;C:\JAVA\gradle-8.5\caches\modules-2\files-2.1\org.jetbrains.c
Launcher Type: SUN_STANDARD

[Global flags]
     intx CICompilerCount                          = 4                                         {product} {ergonomic}
     uint ConcGCThreads                            = 2                                         {product} {ergonomic}
     uint G1ConcRefinementThreads                  = 8                                         {product} {ergonomic}
   size_t G1HeapRegionSize                         = 4194304                                   {product} {ergonomic}
    uintx GCDrainStackTargetSize                   = 64                                        {product} {ergonomic}
   size_t InitialHeapSize                          = 536870912                                 {product} {ergonomic}
   size_t MarkStackSize                            = 4194304                                   {product} {ergonomic}
   size_t MaxHeapSize                              = 8560574464                                {product} {ergonomic}
   size_t MaxNewSize                               = 5133828096                                {product} {ergonomic}
   size_t MinHeapDeltaBytes                        = 4194304                                   {product} {ergonomic}
   size_t MinHeapSize                              = 8388608                                   {product} {ergonomic}
    uintx NonNMethodCodeHeapSize                   = 5839372                                {pd product} {ergonomic}
    uintx NonProfiledCodeHeapSize                  = 122909434                              {pd product} {ergonomic}
    uintx ProfiledCodeHeapSize                     = 122909434                              {pd product} {ergonomic}
    uintx ReservedCodeCacheSize                    = 251658240                              {pd product} {ergonomic}
     bool SegmentedCodeCache                       = true                                      {product} {ergonomic}
   size_t SoftMaxHeapSize                          = 8560574464                             {manageable} {ergonomic}
     bool UseCompressedClassPointers               = true                           {product lp64_product} {ergonomic}
     bool UseCompressedOops                        = true                           {product lp64_product} {ergonomic}
     bool UseG1GC                                  = true                                      {product} {ergonomic}
     bool UseLargePagesIndividualAllocation        = false                                  {pd product} {ergonomic}

Logging:
Log output configuration:
 #0: stdout all=warning uptime,level,tags
 #1: stderr all=off uptime,level,tags

Environment Variables:
JAVA_HOME=C:\JAVA\BellSoft\LibericaJRE-21-Full\
CLASSPATH=C:\JAVA\BellSoft\LibericaJDK-21-Full\bin
PATH=C:\Windows\System32\wbem;C:\JAVA\BellSoft\LibericaJDK-21-Full\bin\;C:\Users\User\AppData\Local\Programs\Python\Python310\Scripts\;C:\Users\User\AppData\Local\Programs\Python\Python310\;C:\Program Files (x86)\Common Files\Oracle\Java\javapath;C:\Users\User\gcc\bin;C:\Users\User\gcc\libexec\gcc\x86_64-w64-mingw32\11.2.0;C:\Program Files (x86)\Java\jre1.8.0_311\bin;C:\Program Files\Git\cmd;C:\Program Files (x86)\HP\IdrsOCR_15.2.10.1114\;C:\JAVA\Maven\apache-maven-3.8.6\bin;C:\Program Files\dotnet\;C:\JAVA\gradle-7.5.1\bin;C:\ProgramData\chocolatey\bin;C:\Program Files\Docker\Docker\resources\bin;C:\ProgramData\DockerDesktop\version-bin;C:\Windows\System32;C:\Users\User\AppData\Roaming\nvm;C:\Program Files\nodejs;C:\Program Files\Siemens\NX2306\CAPITALINTEGRATION\capitalnxremote\;C:\Windows\System32\wbem;%JAVA_JOME%\bin;C:\Program Files (x86)\Jar2Exe Wizard\;C:\Users\User\AppData\Local\Microsoft\WindowsApps;C:\Users\User\AppData\Local\Programs\Microsoft VS Code\bin;C:\Users\User\AppData\Local\atom\bin;C:\Program Files\JetBrains\IntelliJ IDEA 2021.3.1\bin;;C:\Windows\System32;C:\Users\User\AppData\Roaming\nvm;C:\Program Files\nodejs;C:\Program Files (x86)\Midnight Commander;C:\Program Files\MySQL\MySQL Server 8.0\bin;C:\JAVA\gradle-8.5\bin;C:\JAVA\gradle-8.5\bin;C:\JAVA\Redis;C:\JAVA\apache-zookeeper-3.8.3-bin\bin;
USERNAME=User
OS=Windows_NT
PROCESSOR_IDENTIFIER=Intel64 Family 6 Model 158 Stepping 12, GenuineIntel



---------------  S Y S T E M  ---------------

OS:
 Windows 10 , 64 bit Build 19041 (10.0.19041.3636)
OS uptime: 21 days 0:55 hours
Hyper-V role detected

CPU: total 8 (initial active 8) (8 cores per cpu, 1 threads per core) family 6 model 158 stepping 12 microcode 0xae, cx8, cmov, fxsr, mmx, 3dnowpref, sse, sse2, sse3, ssse3, sse4.1, sse4.2, popcnt, lzcnt, tsc, tscinvbit, avx, avx2, aes, erms, clmul, bmi1, bmi2, rtm, adx, fma, vzeroupper, clflush, clflushopt, hv

Memory: 4k page, system-wide physical 32640M (17028M free)
TotalPageFile size 37504M (AvailPageFile size 16646M)
current process WorkingSet (physical memory assigned to process): 140M, peak: 143M
current process commit charge ("private bytes"): 676M, peak: 678M

vm_info: OpenJDK 64-Bit Server VM (16.0.2+7) for windows-amd64 JRE (16.0.2+7), built on Jul 21 2021 18:05:42 by "" with MS VC++ 15.9 (VS2017)

END.
